Date: 2020-11-03 09:35:00 UTC
Reloads: ON
User mode: Free
BackupGuard version: 1.4.8.1
Supported archive version: 5
Database prefix: wp_
Site URL: http://b2w.test
Home URL: http://b2w.test
Uploads path: C:\laragon\www\b2w/wp-content/uploads
Site installation: standard
OS: WINNT
Server: Apache/2.4.35 (Win64) OpenSSL/1.1.1b PHP/7.2.19
User agent: Mozilla/5.0 (Windows NT 10.0; Win64; x64) AppleWebKit/537.36 (KHTML, like Gecko) Chrome/86.0.4240.111 Safari/537.36
PHP version: 7.2.19
MySQL version: 5.7.24
Int size: 8
Int lib: bcmath
Memory limit: 512M
Max execution time: 36000
Disk free space: 171.2GB
CURL available: Yes
Openssl version: OpenSSL 1.1.1b  26 Feb 2019
CURL version: 7.64.0 / SSL: OpenSSL/1.1.1b / libz: 1.2.11
Email notifications: OFF
FTP passive mode: OFF
Exclude paths: 
Tables to exclude: 
Number of rows to backup: 10000
AJAX request frequency: 
Environment: Wordpress 5.5.3
Backup mode: Manual
Backup type: database

2020-11-03 09:35:00: Start backup
2020-11-03 09:35:00: Reload method set to ajax
2020-11-03 09:35:00: Start backup database
2020-11-03 09:35:00: Total tables to backup: 12
2020-11-03 09:35:00: Total rows to backup: 1518
2020-11-03 09:35:00: Start backup table: wp_options
2020-11-03 09:35:00: End backup table: wp_options
2020-11-03 09:35:00: Start backup table: wp_commentmeta
2020-11-03 09:35:00: End backup table: wp_commentmeta
2020-11-03 09:35:00: Start backup table: wp_comments
2020-11-03 09:35:00: End backup table: wp_comments
2020-11-03 09:35:00: Start backup table: wp_links
2020-11-03 09:35:00: End backup table: wp_links
2020-11-03 09:35:00: Start backup table: wp_postmeta
2020-11-03 09:35:00: End backup table: wp_postmeta
2020-11-03 09:35:00: Start backup table: wp_posts
2020-11-03 09:35:00: End backup table: wp_posts
2020-11-03 09:35:00: Start backup table: wp_term_relationships
2020-11-03 09:35:00: End backup table: wp_term_relationships
2020-11-03 09:35:00: Start backup table: wp_term_taxonomy
2020-11-03 09:35:00: End backup table: wp_term_taxonomy
2020-11-03 09:35:00: Start backup table: wp_termmeta
2020-11-03 09:35:00: End backup table: wp_termmeta
2020-11-03 09:35:00: Start backup table: wp_terms
2020-11-03 09:35:00: End backup table: wp_terms
2020-11-03 09:35:00: Start backup table: wp_usermeta
2020-11-03 09:35:00: End backup table: wp_usermeta
2020-11-03 09:35:00: Start backup table: wp_users
2020-11-03 09:35:00: End backup table: wp_users
2020-11-03 09:35:00: End backup database
2020-11-03 09:35:00: backup database total duration: 0.00 seconds
2020-11-03 09:35:00: Start backup files
2020-11-03 09:35:00: Number of files to backup: 2
2020-11-03 09:35:00: Root path: C:\laragon\www\b2w/wp-content/uploads/backup-guard/sg_backup_opt(db)_20201103093544/sg_backup_opt(db)_20201103093544.sgbp/
2020-11-03 09:35:00: Start backup file: wp-content/uploads/backup-guard/sg_backup_opt(db)_20201103093544/sg_backup_opt(db)_20201103093544.sql
2020-11-03 09:35:00: End backup file: wp-content/uploads/backup-guard/sg_backup_opt(db)_20201103093544/sg_backup_opt(db)_20201103093544.sql
2020-11-03 09:35:00: Start backup file: wp-content/uploads/backup-guard/sg_backup_opt(db)_20201103093544/tree.json
2020-11-03 09:35:00: End backup file: wp-content/uploads/backup-guard/sg_backup_opt(db)_20201103093544/tree.json
2020-11-03 09:35:00: End backup files
2020-11-03 09:35:00: backup files total duration: 3.00 seconds
2020-11-03 09:35:00: End backup
2020-11-03 09:35:00: Total duration: 10.00 seconds
2020-11-03 09:35:00: Memory pick usage: 20MB
2020-11-03 09:35:00: Archive size: 46.8KB (46763 bytes)
